<?xml version="1.0" encoding="UTF-8"?>
<testsuite xmlns:xsi="http://www.w3.org/2001/XMLSchema-instance" xsi:noNamespaceSchemaLocation="https://maven.apache.org/surefire/maven-surefire-plugin/xsd/surefire-test-report-3.0.xsd" version="3.0" name="testservices.UnitTest_KhachHangServices" time="0.392" tests="21" errors="0" skipped="0" failures="0">
  <properties>
[...]
</properties>
  <testcase name="testKiemTraDuLieuKhachHangHopLe(String, String, String, int)[1]" classname="testservices.UnitTest_KhachHangServices" time="0.121"/>
  <testcase name="testKiemTraDuLieuKhachHangHopLe(String, String, String, int)[2]" classname="testservices.UnitTest_KhachHangServices" time="0.008"/>
  <testcase name="testKiemTraDuLieuKhachHangHopLe(String, String, String, int)[3]" classname="testservices.UnitTest_KhachHangServices" time="0.005"/>
  <testcase name="testKiemTraDuLieuKhachHangHopLe(String, String, String, int)[4]" classname="testservices.UnitTest_KhachHangServices" time="0.002"/>
  <testcase name="testKiemTraDuLieuKhachHangHopLe(String, String, String, int)[5]" classname="testservices.UnitTest_KhachHangServices" time="0.002"/>
  <testcase name="testKiemTraDuLieuKhachHangHopLe(String, String, String, int)[6]" classname="testservices.UnitTest_KhachHangServices" time="0.003"/>
  <testcase name="testKiemTraDuLieuKhachHangHopLe(String, String, String, int)[7]" classname="testservices.UnitTest_KhachHangServices" time="0.003"/>
  <testcase name="testKiemTraDuLieuKhachHangHopLe(String, String, String, int)[8]" classname="testservices.UnitTest_KhachHangServices" time="0.002"/>
  <testcase name="testKiemTraDuLieuKhachHangHopLe(String, String, String, int)[9]" classname="testservices.UnitTest_KhachHangServices" time="0.002"/>
  <testcase name="testKiemTraDuLieuKhachHangHopLe(String, String, String, int)[10]" classname="testservices.UnitTest_KhachHangServices" time="0.002"/>
  <testcase name="testKiemTraDuLieuKhachHangHopLe(String, String, String, int)[11]" classname="testservices.UnitTest_KhachHangServices" time="0.002"/>
  <testcase name="testKiemTraDuLieuKhachHangHopLe(String, String, String, int)[12]" classname="testservices.UnitTest_KhachHangServices" time="0.002"/>
  <testcase name="testKiemTraDuLieuKhachHangHopLe(String, String, String, int)[13]" classname="testservices.UnitTest_KhachHangServices" time="0.002"/>
  <testcase name="testKiemTraDuLieuKhachHangHopLe(String, String, String, int)[14]" classname="testservices.UnitTest_KhachHangServices" time="0.002"/>
  <testcase name="testKiemTraDuLieuKhachHangHopLe(String, String, String, int)[15]" classname="testservices.UnitTest_KhachHangServices" time="0.003"/>
  <testcase name="testKiemTraDuLieuKhachHangHopLe(String, String, String, int)[16]" classname="testservices.UnitTest_KhachHangServices" time="0.002"/>
  <testcase name="testKiemTraDuLieuKhachHangHopLe(String, String, String, int)[17]" classname="testservices.UnitTest_KhachHangServices" time="0.002"/>
  <testcase name="testKiemTraDuLieuKhachHangHopLe(String, String, String, int)[18]" classname="testservices.UnitTest_KhachHangServices" time="0.002"/>
  <testcase name="testKiemTraDuLieuKhachHangHopLe(String, String, String, int)[19]" classname="testservices.UnitTest_KhachHangServices" time="0.002"/>
  <testcase name="testKiemTraDuLieuKhachHangHopLe(String, String, String, int)[20]" classname="testservices.UnitTest_KhachHangServices" time="0.002"/>
  <testcase name="testKiemTraDuLieuKhachHangHopLe(String, String, String, int)[21]" classname="testservices.UnitTest_KhachHangServices" time="0.002"/>
</testsuite>